component/gsr-recording/build/intermediates/manifest_merge_blame_file/release/manifest-merger-blame-release-report.txt
1<?xml version="1.0" encoding="utf-8"?>
2<manifest xmlns:android="http://schemas.android.com/apk/res/android"
3    package="com.topdon.gsr" >
4
5    <uses-sdk
6        android:minSdkVersion="24"
6-->src/main/AndroidManifest.xml
7        android:targetSdkVersion="34" />
7-->src/main/AndroidManifest.xml
8
9    <!-- Permissions for GSR recording -->
10    <uses-permission android:name="android.permission.WRITE_EXTERNAL_STORAGE" />
10-->src/main/AndroidManifest.xml:5:5-81
10-->src/main/AndroidManifest.xml:5:22-78
11    <uses-permission android:name="android.permission.READ_EXTERNAL_STORAGE" />
11-->src/main/AndroidManifest.xml:6:5-80
11-->src/main/AndroidManifest.xml:6:22-77
12    <uses-permission android:name="android.permission.FOREGROUND_SERVICE" />
12-->src/main/AndroidManifest.xml:7:5-77
12-->src/main/AndroidManifest.xml:7:22-74
13    <uses-permission android:name="android.permission.WAKE_LOCK" />
13-->src/main/AndroidManifest.xml:8:5-68
13-->src/main/AndroidManifest.xml:8:22-65
14
15    <!-- Bluetooth permissions for Shimmer device connection (future use) -->
16    <uses-permission android:name="android.permission.BLUETOOTH" />
16-->src/main/AndroidManifest.xml:11:5-68
16-->src/main/AndroidManifest.xml:11:22-65
17    <uses-permission android:name="android.permission.BLUETOOTH_ADMIN" />
17-->src/main/AndroidManifest.xml:12:5-74
17-->src/main/AndroidManifest.xml:12:22-71
18    <uses-permission android:name="android.permission.ACCESS_FINE_LOCATION" />
18-->src/main/AndroidManifest.xml:13:5-79
18-->src/main/AndroidManifest.xml:13:22-76
19
20    <application>
20-->src/main/AndroidManifest.xml:15:5-21:19
21
22        <!-- Multi-modal recording service -->
23        <service
23-->src/main/AndroidManifest.xml:17:9-20:40
24            android:name="com.topdon.gsr.service.MultiModalRecordingService"
24-->src/main/AndroidManifest.xml:18:13-77
25            android:enabled="true"
25-->src/main/AndroidManifest.xml:19:13-35
26            android:exported="false" />
26-->src/main/AndroidManifest.xml:20:13-37
27    </application>
28
29</manifest>